\BOOKMARK [0][-]{chapter.1}{\376\377\000S\000R\000S}{}% 1
\BOOKMARK [1][-]{section.1.1}{\376\377\000I\000n\000t\000r\000o\000d\000u\000c\000c\000i\000\363\000n}{chapter.1}% 2
\BOOKMARK [1][-]{section.1.2}{\376\377\000\301\000m\000b\000i\000t\000o\000\040\000d\000e\000l\000\040\000p\000r\000o\000y\000e\000c\000t\000o}{chapter.1}% 3
\BOOKMARK [1][-]{section.1.3}{\376\377\000D\000e\000s\000c\000r\000i\000p\000c\000i\000\363\000n\000\040\000g\000e\000n\000e\000r\000a\000l}{chapter.1}% 4
\BOOKMARK [1][-]{section.1.4}{\376\377\000F\000u\000n\000c\000i\000o\000n\000a\000l\000i\000d\000a\000d\000e\000s\000\040\000d\000e\000l\000\040\000s\000i\000s\000t\000e\000m\000a}{chapter.1}% 5
\BOOKMARK [2][-]{subsection.1.4.1}{\376\377\000S\000u\000c\000u\000r\000s\000a\000l}{section.1.4}% 6
\BOOKMARK [2][-]{subsection.1.4.2}{\376\377\000C\000e\000n\000t\000r\000a\000l}{section.1.4}% 7
\BOOKMARK [2][-]{subsection.1.4.3}{\376\377\000O\000p\000c\000i\000o\000n\000e\000s\000\040\000d\000e\000\040\000c\000o\000n\000f\000i\000g\000u\000r\000a\000c\000i\000\363\000n}{section.1.4}% 8
\BOOKMARK [2][-]{subsection.1.4.4}{\376\377\000E\000v\000e\000n\000t\000o\000s\000\040\000a\000u\000t\000o\000m\000\341\000t\000i\000c\000o\000s\000\040\000o\000\040\000p\000r\000o\000c\000e\000s\000o\000s\000\040\000d\000e\000\040\000s\000o\000p\000o\000r\000t\000e}{section.1.4}% 9
\BOOKMARK [1][-]{section.1.5}{\376\377\000R\000e\000q\000u\000e\000r\000i\000m\000i\000e\000n\000t\000o\000s\000\040\000d\000e\000\040\000i\000n\000t\000e\000r\000f\000a\000c\000e\000s\000\040\000e\000x\000t\000e\000r\000n\000a\000s}{chapter.1}% 10
\BOOKMARK [2][-]{subsection.1.5.1}{\376\377\000I\000n\000t\000e\000r\000f\000a\000c\000e\000s\000\040\000d\000e\000\040\000s\000o\000f\000t\000w\000a\000r\000e}{section.1.5}% 11
\BOOKMARK [1][-]{section.1.6}{\376\377\000A\000t\000r\000i\000b\000u\000t\000o\000s\000\040\000d\000e\000\040\000c\000a\000l\000i\000d\000a\000d}{chapter.1}% 12
\BOOKMARK [2][-]{subsection.1.6.1}{\376\377\000R\000e\000q\000u\000e\000r\000i\000m\000i\000e\000n\000t\000o\000s\000\040\000d\000e\000\040\000u\000s\000a\000b\000i\000l\000i\000d\000a\000d}{section.1.6}% 13
\BOOKMARK [2][-]{subsection.1.6.2}{\376\377\000R\000e\000q\000u\000e\000r\000i\000m\000i\000e\000n\000t\000o\000s\000\040\000d\000e\000\040\000c\000o\000n\000f\000i\000a\000b\000i\000l\000i\000d\000a\000d}{section.1.6}% 14
\BOOKMARK [2][-]{subsection.1.6.3}{\376\377\000R\000e\000q\000u\000e\000r\000i\000m\000i\000e\000n\000t\000o\000s\000\040\000d\000e\000\040\000d\000i\000s\000p\000o\000n\000i\000b\000i\000l\000i\000d\000a\000d}{section.1.6}% 15
\BOOKMARK [2][-]{subsection.1.6.4}{\376\377\000R\000e\000q\000u\000e\000r\000i\000m\000i\000e\000n\000t\000o\000s\000\040\000d\000e\000\040\000d\000e\000s\000e\000m\000p\000e\000\361\000o}{section.1.6}% 16
\BOOKMARK [2][-]{subsection.1.6.5}{\376\377\000R\000e\000q\000u\000e\000r\000i\000m\000i\000e\000n\000t\000o\000s\000\040\000d\000e\000\040\000s\000e\000g\000u\000r\000i\000d\000a\000d}{section.1.6}% 17
\BOOKMARK [2][-]{subsection.1.6.6}{\376\377\000R\000e\000q\000u\000e\000r\000i\000m\000i\000e\000n\000t\000o\000s\000\040\000d\000e\000\040\000m\000a\000n\000t\000e\000n\000i\000m\000i\000e\000n\000t\000o}{section.1.6}% 18
\BOOKMARK [2][-]{subsection.1.6.7}{\376\377\000R\000e\000q\000u\000e\000r\000i\000m\000i\000e\000n\000t\000o\000s\000\040\000d\000e\000\040\000p\000o\000r\000t\000a\000b\000i\000l\000i\000d\000a\000d}{section.1.6}% 19
\BOOKMARK [0][-]{chapter.2}{\376\377\000R\000e\000q\000u\000e\000r\000i\000m\000i\000e\000n\000t\000o\000s\000\040\000e\000s\000p\000e\000c\000\355\000f\000i\000c\000o\000s}{}% 20
\BOOKMARK [0][-]{chapter.3}{\376\377\000D\000o\000c\000u\000m\000e\000n\000t\000o\000\040\000d\000e\000\040\000A\000r\000q\000u\000i\000t\000e\000c\000t\000u\000r\000a}{}% 21
\BOOKMARK [1][-]{section.3.1}{\376\377\000I\000n\000t\000o\000d\000u\000c\000c\000i\000\363\000n}{chapter.3}% 22
\BOOKMARK [1][-]{section.3.2}{\376\377\000R\000e\000p\000r\000e\000s\000e\000n\000t\000a\000c\000i\000\363\000n\000\040\000a\000r\000q\000u\000i\000t\000e\000c\000t\000\363\000n\000i\000c\000a}{chapter.3}% 23
\BOOKMARK [2][-]{subsection.3.2.1}{\376\377\000V\000i\000s\000t\000a\000\040\000l\000\363\000g\000i\000c\000a}{section.3.2}% 24
\BOOKMARK [2][-]{subsection.3.2.2}{\376\377\000V\000i\000s\000t\000a\000\040\000d\000e\000\040\000d\000e\000s\000p\000l\000i\000e\000g\000u\000e}{section.3.2}% 25
\BOOKMARK [0][-]{chapter.4}{\376\377\000I\000n\000d\000i\000c\000e\000s\000\040\000a\000n\000d\000\040\000t\000a\000b\000l\000e\000s}{}% 26
